This file contains any messages produced by compilers while
running configure, to aid debugging if configure makes a mistake.

It was created by libbase58 configure 0.1.4, which was
generated by GNU Autoconf 2.69.  Invocation command line was

  $ ./configure --disable-option-checking --prefix=/usr/local --disable-tool --disable-static --enable-shared --enable-cpumining --enable-opencl --cache-file=/dev/null --srcdir=.

## --------- ##
## Platform. ##
## --------- ##

hostname = LEADER
uname -m = x86_64
uname -r = 3.4.0+
uname -s = Linux
uname -v = #1 PREEMPT Thu Aug 1 17:06:05 CST 2013

/usr/bin/uname -p = unknown
/bin/uname -X     = unknown

/bin/arch              = unknown
/usr/bin/arch -k       = unknown
/usr/convex/getsysinfo = unknown
/usr/bin/hostinfo      = unknown
/bin/machine           = unknown
/usr/bin/oslevel       = unknown
/bin/universe          = unknown

PATH: /usr/local/sbin
PATH: /usr/local/bin
PATH: /usr/sbin
PATH: /usr/bin
PATH: /sbin
PATH: /bin


## ----------- ##
## Core tests. ##
## ----------- ##

configure:2170: checking for a BSD-compatible install
configure:2238: result: /usr/bin/install -c
configure:2249: checking whether build environment is sane
configure:2304: result: yes
configure:2455: checking for a thread-safe mkdir -p
configure:2494: result: /bin/mkdir -p
configure:2501: checking for gawk
configure:2517: found /usr/bin/gawk
configure:2528: result: gawk
configure:2539: checking whether make sets $(MAKE)
configure:2561: result: yes
configure:2590: checking whether make supports nested variables
configure:2607: result: yes
configure:2743: checking whether make supports nested variables
configure:2760: result: yes
configure:2784: checking for style of include used by make
configure:2812: result: GNU
configure:2883: checking for gcc
configure:2899: found /usr/bin/gcc
configure:2910: result: gcc
configure:3139: checking for C compiler version
configure:3148: gcc --version >&5
gcc (Ubuntu 4.8.4-2ubuntu1~14.04.3) 4.8.4
Copyright (C) 2013 Free Software Foundation, Inc.
This is free software; see the source for copying conditions.  There is NO
warranty; not even for MERCHANTABILITY or FITNESS FOR A PARTICULAR PURPOSE.

configure:3159: $? = 0
configure:3148: gcc -v >&5
Using built-in specs.
COLLECT_GCC=gcc
COLLECT_LTO_WRAPPER=/usr/lib/gcc/x86_64-linux-gnu/4.8/lto-wrapper
Target: x86_64-linux-gnu
Configured with: ../src/configure -v --with-pkgversion='Ubuntu 4.8.4-2ubuntu1~14.04.3' --with-bugurl=file:///usr/share/doc/gcc-4.8/README.Bugs --enable-languages=c,c++,java,go,d,fortran,objc,obj-c++ --prefix=/usr --program-suffix=-4.8 --enable-shared --enable-linker-build-id --libexecdir=/usr/lib --without-included-gettext --enable-threads=posix --with-gxx-include-dir=/usr/include/c++/4.8 --libdir=/usr/lib --enable-nls --with-sysroot=/ --enable-clocale=gnu --enable-libstdcxx-debug --enable-libstdcxx-time=yes --enable-gnu-unique-object --disable-libmudflap --enable-plugin --with-system-zlib --disable-browser-plugin --enable-java-awt=gtk --enable-gtk-cairo --with-java-home=/usr/lib/jvm/java-1.5.0-gcj-4.8-amd64/jre --enable-java-home --with-jvm-root-dir=/usr/lib/jvm/java-1.5.0-gcj-4.8-amd64 --with-jvm-jar-dir=/usr/lib/jvm-exports/java-1.5.0-gcj-4.8-amd64 --with-arch-directory=amd64 --with-ecj-jar=/usr/share/java/eclipse-ecj.jar --enable-objc-gc --enable-multiarch --disable-werror --with-arch-32=i686 --with-abi=m64 --with-multilib-list=m32,m64,mx32 --with-tune=generic --enable-checking=release --build=x86_64-linux-gnu --host=x86_64-linux-gnu --target=x86_64-linux-gnu
Thread model: posix
gcc version 4.8.4 (Ubuntu 4.8.4-2ubuntu1~14.04.3) 
configure:3159: $? = 0
configure:3148: gcc -V >&5
gcc: error: unrecognized command line option '-V'
gcc: fatal error: no input files
compilation terminated.
configure:3159: $? = 4
configure:3148: gcc -qversion >&5
gcc: error: unrecognized command line option '-qversion'
gcc: fatal error: no input files
compilation terminated.
configure:3159: $? = 4
configure:3179: checking whether the C compiler works
configure:3201: gcc    conftest.c  >&5
configure:3205: $? = 0
configure:3253: result: yes
configure:3256: checking for C compiler default output file name
configure:3258: result: a.out
configure:3264: checking for suffix of executables
configure:3271: gcc -o conftest    conftest.c  >&5
configure:3275: $? = 0
configure:3297: result: 
configure:3319: checking whether we are cross compiling
configure:3327: gcc -o conftest    conftest.c  >&5
configure:3331: $? = 0
configure:3338: ./conftest
configure:3342: $? = 0
configure:3357: result: no
configure:3362: checking for suffix of object files
configure:3384: gcc -c   conftest.c >&5
configure:3388: $? = 0
configure:3409: result: o
configure:3413: checking whether we are using the GNU C compiler
configure:3432: gcc -c   conftest.c >&5
configure:3432: $? = 0
configure:3441: result: yes
configure:3450: checking whether gcc accepts -g
configure:3470: gcc -c -g  conftest.c >&5
configure:3470: $? = 0
configure:3511: result: yes
configure:3528: checking for gcc option to accept ISO C89
configure:3591: gcc  -c -g -O2  conftest.c >&5
configure:3591: $? = 0
configure:3604: result: none needed
configure:3629: checking whether gcc understands -c and -o together
configure:3651: gcc -c conftest.c -o conftest2.o
configure:3654: $? = 0
configure:3651: gcc -c conftest.c -o conftest2.o
configure:3654: $? = 0
configure:3666: result: yes
configure:3685: checking dependency style of gcc
configure:3796: result: gcc3
configure:3811: checking for gcc option to accept ISO C99
configure:3960: gcc  -c -g -O2  conftest.c >&5
conftest.c:61:29: error: expected ';', ',' or ')' before 'text'
 test_restrict (ccp restrict text)
                             ^
conftest.c: In function 'main':
conftest.c:115:18: error: expected '=', ',', ';', 'asm' or '__attribute__' before 'newvar'
   char *restrict newvar = "Another string";
                  ^
conftest.c:115:18: error: 'newvar' undeclared (first use in this function)
conftest.c:115:18: note: each undeclared identifier is reported only once for each function it appears in
conftest.c:125:3: error: 'for' loop initial declarations are only allowed in C99 mode
   for (int i = 0; i < ia->datasize; ++i)
   ^
conftest.c:125:3: note: use option -std=c99 or -std=gnu99 to compile your code
configure:3960: $? = 1
configure: failed program was:
| /* confdefs.h */
| #define PACKAGE_NAME "libbase58"
| #define PACKAGE_TARNAME "libbase58"
| #define PACKAGE_VERSION "0.1.4"
| #define PACKAGE_STRING "libbase58 0.1.4"
| #define PACKAGE_BUGREPORT "luke_libbase58@dashjr.org"
| #define PACKAGE_URL ""
| #define PACKAGE "libbase58"
| #define VERSION "0.1.4"
| /* end confdefs.h.  */
| #include <stdarg.h>
| #include <stdbool.h>
| #include <stdlib.h>
| #include <wchar.h>
| #include <stdio.h>
| 
| // Check varargs macros.  These examples are taken from C99 6.10.3.5.
| #define debug(...) fprintf (stderr, __VA_ARGS__)
| #define showlist(...) puts (#__VA_ARGS__)
| #define report(test,...) ((test) ? puts (#test) : printf (__VA_ARGS__))
| static void
| test_varargs_macros (void)
| {
|   int x = 1234;
|   int y = 5678;
|   debug ("Flag");
|   debug ("X = %d\n", x);
|   showlist (The first, second, and third items.);
|   report (x>y, "x is %d but y is %d", x, y);
| }
| 
| // Check long long types.
| #define BIG64 18446744073709551615ull
| #define BIG32 4294967295ul
| #define BIG_OK (BIG64 / BIG32 == 4294967297ull && BIG64 % BIG32 == 0)
| #if !BIG_OK
|   your preprocessor is broken;
| #endif
| #if BIG_OK
| #else
|   your preprocessor is broken;
| #endif
| static long long int bignum = -9223372036854775807LL;
| static unsigned long long int ubignum = BIG64;
| 
| struct incomplete_array
| {
|   int datasize;
|   double data[];
| };
| 
| struct named_init {
|   int number;
|   const wchar_t *name;
|   double average;
| };
| 
| typedef const char *ccp;
| 
| static inline int
| test_restrict (ccp restrict text)
| {
|   // See if C++-style comments work.
|   // Iterate through items via the restricted pointer.
|   // Also check for declarations in for loops.
|   for (unsigned int i = 0; *(text+i) != '\0'; ++i)
|     continue;
|   return 0;
| }
| 
| // Check varargs and va_copy.
| static void
| test_varargs (const char *format, ...)
| {
|   va_list args;
|   va_start (args, format);
|   va_list args_copy;
|   va_copy (args_copy, args);
| 
|   const char *str;
|   int number;
|   float fnumber;
| 
|   while (*format)
|     {
|       switch (*format++)
| 	{
| 	case 's': // string
| 	  str = va_arg (args_copy, const char *);
| 	  break;
| 	case 'd': // int
| 	  number = va_arg (args_copy, int);
| 	  break;
| 	case 'f': // float
| 	  fnumber = va_arg (args_copy, double);
| 	  break;
| 	default:
| 	  break;
| 	}
|     }
|   va_end (args_copy);
|   va_end (args);
| }
| 
| int
| main ()
| {
| 
|   // Check bool.
|   _Bool success = false;
| 
|   // Check restrict.
|   if (test_restrict ("String literal") == 0)
|     success = true;
|   char *restrict newvar = "Another string";
| 
|   // Check varargs.
|   test_varargs ("s, d' f .", "string", 65, 34.234);
|   test_varargs_macros ();
| 
|   // Check flexible array members.
|   struct incomplete_array *ia =
|     malloc (sizeof (struct incomplete_array) + (sizeof (double) * 10));
|   ia->datasize = 10;
|   for (int i = 0; i < ia->datasize; ++i)
|     ia->data[i] = i * 1.234;
| 
|   // Check named initializers.
|   struct named_init ni = {
|     .number = 34,
|     .name = L"Test wide string",
|     .average = 543.34343,
|   };
| 
|   ni.number = 58;
| 
|   int dynamic_array[ni.number];
|   dynamic_array[ni.number - 1] = 543;
| 
|   // work around unused variable warnings
|   return (!success || bignum == 0LL || ubignum == 0uLL || newvar[0] == 'x'
| 	  || dynamic_array[ni.number - 1] != 543);
| 
|   ;
|   return 0;
| }
configure:3960: gcc -std=gnu99 -c -g -O2  conftest.c >&5
configure:3960: $? = 0
configure:3980: result: -std=gnu99
configure:4038: checking for ar
configure:4054: found /usr/bin/ar
configure:4065: result: ar
configure:4091: checking the archiver (ar) interface
configure:4107: gcc -std=gnu99 -c -g -O2  conftest.c >&5
configure:4107: $? = 0
configure:4109: ar cru libconftest.a conftest.o >&5
configure:4112: $? = 0
configure:4140: result: ar
configure:4189: checking build system type
configure:4203: result: x86_64-unknown-linux-gnu
configure:4223: checking host system type
configure:4236: result: x86_64-unknown-linux-gnu
configure:4277: checking how to print strings
configure:4304: result: printf
configure:4325: checking for a sed that does not truncate output
configure:4389: result: /bin/sed
configure:4407: checking for grep that handles long lines and -e
configure:4465: result: /bin/grep
configure:4470: checking for egrep
configure:4532: result: /bin/grep -E
configure:4537: checking for fgrep
configure:4599: result: /bin/grep -F
configure:4634: checking for ld used by gcc -std=gnu99
configure:4701: result: /usr/bin/ld
configure:4708: checking if the linker (/usr/bin/ld) is GNU ld
configure:4723: result: yes
configure:4735: checking for BSD- or MS-compatible name lister (nm)
configure:4784: result: /usr/bin/nm -B
configure:4914: checking the name lister (/usr/bin/nm -B) interface
configure:4921: gcc -std=gnu99 -c -g -O2  conftest.c >&5
configure:4924: /usr/bin/nm -B "conftest.o"
configure:4927: output
0000000000000000 B some_variable
configure:4934: result: BSD nm
configure:4937: checking whether ln -s works
configure:4941: result: yes
configure:4949: checking the maximum length of command line arguments
configure:5080: result: 1572864
configure:5097: checking whether the shell understands some XSI constructs
configure:5107: result: yes
configure:5111: checking whether the shell understands "+="
configure:5117: result: yes
configure:5152: checking how to convert x86_64-unknown-linux-gnu file names to x86_64-unknown-linux-gnu format
configure:5192: result: func_convert_file_noop
configure:5199: checking how to convert x86_64-unknown-linux-gnu file names to toolchain format
configure:5219: result: func_convert_file_noop
configure:5226: checking for /usr/bin/ld option to reload object files
configure:5233: result: -r
configure:5307: checking for objdump
configure:5323: found /usr/bin/objdump
configure:5334: result: objdump
configure:5366: checking how to recognize dependent libraries
configure:5564: result: pass_all
configure:5649: checking for dlltool
configure:5679: result: no
configure:5709: checking how to associate runtime and link libraries
configure:5736: result: printf %s\n
configure:5860: checking for archiver @FILE support
configure:5877: gcc -std=gnu99 -c -g -O2  conftest.c >&5
configure:5877: $? = 0
configure:5880: ar cru libconftest.a @conftest.lst >&5
configure:5883: $? = 0
configure:5888: ar cru libconftest.a @conftest.lst >&5
ar: conftest.o: No such file or directory
configure:5891: $? = 1
configure:5903: result: @
configure:5961: checking for strip
configure:5977: found /usr/bin/strip
configure:5988: result: strip
configure:6060: checking for ranlib
configure:6076: found /usr/bin/ranlib
configure:6087: result: ranlib
configure:6189: checking command to parse /usr/bin/nm -B output from gcc -std=gnu99 object
configure:6309: gcc -std=gnu99 -c -g -O2  conftest.c >&5
configure:6312: $? = 0
configure:6316: /usr/bin/nm -B conftest.o \| sed -n -e 's/^.*[ ]\([ABCDGIRSTW][ABCDGIRSTW]*\)[ ][ ]*\([_A-Za-z][_A-Za-z0-9]*\)$/\1 \2 \2/p' | sed '/ __gnu_lto/d' \> conftest.nm
configure:6319: $? = 0
configure:6385: gcc -std=gnu99 -o conftest -g -O2   conftest.c conftstm.o >&5
configure:6388: $? = 0
configure:6426: result: ok
configure:6463: checking for sysroot
configure:6493: result: no
configure:6570: gcc -std=gnu99 -c -g -O2  conftest.c >&5
configure:6573: $? = 0
configure:6762: checking for mt
configure:6778: found /bin/mt
configure:6789: result: mt
configure:6812: checking if mt is a manifest tool
configure:6818: mt '-?'
configure:6826: result: no
configure:7468: checking how to run the C preprocessor
configure:7499: gcc -std=gnu99 -E  conftest.c
configure:7499: $? = 0
configure:7513: gcc -std=gnu99 -E  conftest.c
conftest.c:11:28: fatal error: ac_nonexistent.h: No such file or directory
 #include <ac_nonexistent.h>
                            ^
compilation terminated.
configure:7513: $? = 1
configure: failed program was:
| /* confdefs.h */
| #define PACKAGE_NAME "libbase58"
| #define PACKAGE_TARNAME "libbase58"
| #define PACKAGE_VERSION "0.1.4"
| #define PACKAGE_STRING "libbase58 0.1.4"
| #define PACKAGE_BUGREPORT "luke_libbase58@dashjr.org"
| #define PACKAGE_URL ""
| #define PACKAGE "libbase58"
| #define VERSION "0.1.4"
| /* end confdefs.h.  */
| #include <ac_nonexistent.h>
configure:7538: result: gcc -std=gnu99 -E
configure:7558: gcc -std=gnu99 -E  conftest.c
configure:7558: $? = 0
configure:7572: gcc -std=gnu99 -E  conftest.c
conftest.c:11:28: fatal error: ac_nonexistent.h: No such file or directory
 #include <ac_nonexistent.h>
                            ^
compilation terminated.
configure:7572: $? = 1
configure: failed program was:
| /* confdefs.h */
| #define PACKAGE_NAME "libbase58"
| #define PACKAGE_TARNAME "libbase58"
| #define PACKAGE_VERSION "0.1.4"
| #define PACKAGE_STRING "libbase58 0.1.4"
| #define PACKAGE_BUGREPORT "luke_libbase58@dashjr.org"
| #define PACKAGE_URL ""
| #define PACKAGE "libbase58"
| #define VERSION "0.1.4"
| /* end confdefs.h.  */
| #include <ac_nonexistent.h>
configure:7601: checking for ANSI C header files
configure:7621: gcc -std=gnu99 -c -g -O2  conftest.c >&5
configure:7621: $? = 0
configure:7694: gcc -std=gnu99 -o conftest -g -O2   conftest.c  >&5
configure:7694: $? = 0
configure:7694: ./conftest
configure:7694: $? = 0
configure:7705: result: yes
configure:7718: checking for sys/types.h
configure:7718: gcc -std=gnu99 -c -g -O2  conftest.c >&5
configure:7718: $? = 0
configure:7718: result: yes
configure:7718: checking for sys/stat.h
configure:7718: gcc -std=gnu99 -c -g -O2  conftest.c >&5
configure:7718: $? = 0
configure:7718: result: yes
configure:7718: checking for stdlib.h
configure:7718: gcc -std=gnu99 -c -g -O2  conftest.c >&5
configure:7718: $? = 0
configure:7718: result: yes
configure:7718: checking for string.h
configure:7718: gcc -std=gnu99 -c -g -O2  conftest.c >&5
configure:7718: $? = 0
configure:7718: result: yes
configure:7718: checking for memory.h
configure:7718: gcc -std=gnu99 -c -g -O2  conftest.c >&5
configure:7718: $? = 0
configure:7718: result: yes
configure:7718: checking for strings.h
configure:7718: gcc -std=gnu99 -c -g -O2  conftest.c >&5
configure:7718: $? = 0
configure:7718: result: yes
configure:7718: checking for inttypes.h
configure:7718: gcc -std=gnu99 -c -g -O2  conftest.c >&5
configure:7718: $? = 0
configure:7718: result: yes
configure:7718: checking for stdint.h
configure:7718: gcc -std=gnu99 -c -g -O2  conftest.c >&5
configure:7718: $? = 0
configure:7718: result: yes
configure:7718: checking for unistd.h
configure:7718: gcc -std=gnu99 -c -g -O2  conftest.c >&5
configure:7718: $? = 0
configure:7718: result: yes
configure:7732: checking for dlfcn.h
configure:7732: gcc -std=gnu99 -c -g -O2  conftest.c >&5
configure:7732: $? = 0
configure:7732: result: yes
configure:7938: checking for objdir
configure:7953: result: .libs
configure:8220: checking if gcc -std=gnu99 supports -fno-rtti -fno-exceptions
configure:8238: gcc -std=gnu99 -c -g -O2  -fno-rtti -fno-exceptions conftest.c >&5
cc1: warning: command line option '-fno-rtti' is valid for C++/ObjC++ but not for C [enabled by default]
configure:8242: $? = 0
configure:8255: result: no
configure:8582: checking for gcc -std=gnu99 option to produce PIC
configure:8589: result: -fPIC -DPIC
configure:8597: checking if gcc -std=gnu99 PIC flag -fPIC -DPIC works
configure:8615: gcc -std=gnu99 -c -g -O2  -fPIC -DPIC -DPIC conftest.c >&5
configure:8619: $? = 0
configure:8632: result: yes
configure:8661: checking if gcc -std=gnu99 static flag -static works
configure:8689: result: yes
configure:8704: checking if gcc -std=gnu99 supports -c -o file.o
configure:8725: gcc -std=gnu99 -c -g -O2  -o out/conftest2.o conftest.c >&5
configure:8729: $? = 0
configure:8751: result: yes
configure:8759: checking if gcc -std=gnu99 supports -c -o file.o
configure:8806: result: yes
configure:8839: checking whether the gcc -std=gnu99 linker (/usr/bin/ld -m elf_x86_64) supports shared libraries
configure:9996: result: yes
configure:10033: checking whether -lc should be explicitly linked in
configure:10041: gcc -std=gnu99 -c -g -O2  conftest.c >&5
configure:10044: $? = 0
configure:10059: gcc -std=gnu99 -shared  -fPIC -DPIC conftest.o  -v -Wl,-soname -Wl,conftest -o conftest 2\>\&1 \| /bin/grep  -lc  \>/dev/null 2\>\&1
configure:10062: $? = 0
configure:10076: result: no
configure:10236: checking dynamic linker characteristics
configure:10736: gcc -std=gnu99 -o conftest -g -O2   -Wl,-rpath -Wl,/foo conftest.c  >&5
configure:10736: $? = 0
configure:10970: result: GNU/Linux ld.so
configure:11077: checking how to hardcode library paths into programs
configure:11102: result: immediate
configure:11642: checking whether stripping libraries is possible
configure:11647: result: yes
configure:11682: checking if libtool supports shared libraries
configure:11684: result: yes
configure:11687: checking whether to build shared libraries
configure:11708: result: yes
configure:11711: checking whether to build static libraries
configure:11715: result: no
configure:11760: checking for strchr in -lws2_32
configure:11785: gcc -std=gnu99 -o conftest -g -O2   conftest.c -lws2_32   >&5
conftest.c:30:6: warning: conflicting types for built-in function 'strchr' [enabled by default]
 char strchr ();
      ^
/usr/bin/ld: cannot find -lws2_32
collect2: error: ld returned 1 exit status
configure:11785: $? = 1
configure: failed program was:
| /* confdefs.h */
| #define PACKAGE_NAME "libbase58"
| #define PACKAGE_TARNAME "libbase58"
| #define PACKAGE_VERSION "0.1.4"
| #define PACKAGE_STRING "libbase58 0.1.4"
| #define PACKAGE_BUGREPORT "luke_libbase58@dashjr.org"
| #define PACKAGE_URL ""
| #define PACKAGE "libbase58"
| #define VERSION "0.1.4"
| #define STDC_HEADERS 1
| #define HAVE_SYS_TYPES_H 1
| #define HAVE_SYS_STAT_H 1
| #define HAVE_STDLIB_H 1
| #define HAVE_STRING_H 1
| #define HAVE_MEMORY_H 1
| #define HAVE_STRINGS_H 1
| #define HAVE_INTTYPES_H 1
| #define HAVE_STDINT_H 1
| #define HAVE_UNISTD_H 1
| #define HAVE_DLFCN_H 1
| #define LT_OBJDIR ".libs/"
| /* end confdefs.h.  */
| 
| /* Override any GCC internal prototype to avoid an error.
|    Use char because int might match the return type of a GCC
|    builtin and then its argument prototype would still apply.  */
| #ifdef __cplusplus
| extern "C"
| #endif
| char strchr ();
| int
| main ()
| {
| return strchr ();
|   ;
|   return 0;
| }
configure:11794: result: no
configure:12193: checking that generated files are newer than configure
configure:12199: result: done
configure:12226: creating ./config.status

## ---------------------- ##
## Running config.status. ##
## ---------------------- ##

This file was extended by libbase58 config.status 0.1.4, which was
generated by GNU Autoconf 2.69.  Invocation command line was

  CONFIG_FILES    = 
  CONFIG_HEADERS  = 
  CONFIG_LINKS    = 
  CONFIG_COMMANDS = 
  $ ./config.status 

on LEADER

config.status:1010: creating Makefile
config.status:1010: creating libbase58.pc
config.status:1182: executing depfiles commands
config.status:1182: executing libtool commands

## ---------------- ##
## Cache variables. ##
## ---------------- ##

ac_cv_build=x86_64-unknown-linux-gnu
ac_cv_c_compiler_gnu=yes
ac_cv_env_CC_set=
ac_cv_env_CC_value=
ac_cv_env_CFLAGS_set=
ac_cv_env_CFLAGS_value=
ac_cv_env_CPPFLAGS_set=
ac_cv_env_CPPFLAGS_value=
ac_cv_env_CPP_set=
ac_cv_env_CPP_value=
ac_cv_env_LDFLAGS_set=
ac_cv_env_LDFLAGS_value=
ac_cv_env_LIBS_set=
ac_cv_env_LIBS_value=
ac_cv_env_build_alias_set=
ac_cv_env_build_alias_value=
ac_cv_env_host_alias_set=
ac_cv_env_host_alias_value=
ac_cv_env_target_alias_set=
ac_cv_env_target_alias_value=
ac_cv_header_dlfcn_h=yes
ac_cv_header_inttypes_h=yes
ac_cv_header_memory_h=yes
ac_cv_header_stdc=yes
ac_cv_header_stdint_h=yes
ac_cv_header_stdlib_h=yes
ac_cv_header_string_h=yes
ac_cv_header_strings_h=yes
ac_cv_header_sys_stat_h=yes
ac_cv_header_sys_types_h=yes
ac_cv_header_unistd_h=yes
ac_cv_host=x86_64-unknown-linux-gnu
ac_cv_lib_ws2_32_strchr=no
ac_cv_objext=o
ac_cv_path_EGREP='/bin/grep -E'
ac_cv_path_FGREP='/bin/grep -F'
ac_cv_path_GREP=/bin/grep
ac_cv_path_SED=/bin/sed
ac_cv_path_install='/usr/bin/install -c'
ac_cv_path_mkdir=/bin/mkdir
ac_cv_prog_AWK=gawk
ac_cv_prog_CPP='gcc -std=gnu99 -E'
ac_cv_prog_ac_ct_AR=ar
ac_cv_prog_ac_ct_CC=gcc
ac_cv_prog_ac_ct_MANIFEST_TOOL=mt
ac_cv_prog_ac_ct_OBJDUMP=objdump
ac_cv_prog_ac_ct_RANLIB=ranlib
ac_cv_prog_ac_ct_STRIP=strip
ac_cv_prog_cc_c89=
ac_cv_prog_cc_c99=-std=gnu99
ac_cv_prog_cc_g=yes
ac_cv_prog_make_make_set=yes
am_cv_CC_dependencies_compiler_type=gcc3
am_cv_ar_interface=ar
am_cv_make_support_nested_variables=yes
am_cv_prog_cc_c_o=yes
lt_cv_ar_at_file=@
lt_cv_archive_cmds_need_lc=no
lt_cv_deplibs_check_method=pass_all
lt_cv_file_magic_cmd='$MAGIC_CMD'
lt_cv_file_magic_test_file=
lt_cv_ld_reload_flag=-r
lt_cv_nm_interface='BSD nm'
lt_cv_objdir=.libs
lt_cv_path_LD=/usr/bin/ld
lt_cv_path_NM='/usr/bin/nm -B'
lt_cv_path_mainfest_tool=no
lt_cv_prog_compiler_c_o=yes
lt_cv_prog_compiler_pic='-fPIC -DPIC'
lt_cv_prog_compiler_pic_works=yes
lt_cv_prog_compiler_rtti_exceptions=no
lt_cv_prog_compiler_static_works=yes
lt_cv_prog_gnu_ld=yes
lt_cv_sharedlib_from_linklib_cmd='printf %s\n'
lt_cv_shlibpath_overrides_runpath=no
lt_cv_sys_global_symbol_pipe='sed -n -e '\''s/^.*[	 ]\([ABCDGIRSTW][ABCDGIRSTW]*\)[	 ][	 ]*\([_A-Za-z][_A-Za-z0-9]*\)$/\1 \2 \2/p'\'' | sed '\''/ __gnu_lto/d'\'''
lt_cv_sys_global_symbol_to_c_name_address='sed -n -e '\''s/^: \([^ ]*\)[ ]*$/  {\"\1\", (void *) 0},/p'\'' -e '\''s/^[ABCDGIRSTW]* \([^ ]*\) \([^ ]*\)$/  {"\2", (void *) \&\2},/p'\'''
lt_cv_sys_global_symbol_to_c_name_address_lib_prefix='sed -n -e '\''s/^: \([^ ]*\)[ ]*$/  {\"\1\", (void *) 0},/p'\'' -e '\''s/^[ABCDGIRSTW]* \([^ ]*\) \(lib[^ ]*\)$/  {"\2", (void *) \&\2},/p'\'' -e '\''s/^[ABCDGIRSTW]* \([^ ]*\) \([^ ]*\)$/  {"lib\2", (void *) \&\2},/p'\'''
lt_cv_sys_global_symbol_to_cdecl='sed -n -e '\''s/^T .* \(.*\)$/extern int \1();/p'\'' -e '\''s/^[ABCDGIRSTW]* .* \(.*\)$/extern char \1;/p'\'''
lt_cv_sys_max_cmd_len=1572864
lt_cv_to_host_file_cmd=func_convert_file_noop
lt_cv_to_tool_file_cmd=func_convert_file_noop

## ----------------- ##
## Output variables. ##
## ----------------- ##

ACLOCAL='${SHELL} /mnt/c/Users/kickofenergy/Desktop/bfggit/libbase58/missing aclocal-1.14'
AMDEPBACKSLASH='\'
AMDEP_FALSE='#'
AMDEP_TRUE=''
AMTAR='$${TAR-tar}'
AM_BACKSLASH='\'
AM_DEFAULT_V='$(AM_DEFAULT_VERBOSITY)'
AM_DEFAULT_VERBOSITY='0'
AM_V='$(V)'
AR='ar'
AUTOCONF='${SHELL} /mnt/c/Users/kickofenergy/Desktop/bfggit/libbase58/missing autoconf'
AUTOHEADER='${SHELL} /mnt/c/Users/kickofenergy/Desktop/bfggit/libbase58/missing autoheader'
AUTOMAKE='${SHELL} /mnt/c/Users/kickofenergy/Desktop/bfggit/libbase58/missing automake-1.14'
AWK='gawk'
CC='gcc -std=gnu99'
CCDEPMODE='depmode=gcc3'
CFLAGS='-g -O2'
CPP='gcc -std=gnu99 -E'
CPPFLAGS=''
CYGPATH_W='echo'
DEFS='-DPACKAGE_NAME=\"libbase58\" -DPACKAGE_TARNAME=\"libbase58\" -DPACKAGE_VERSION=\"0.1.4\" -DPACKAGE_STRING=\"libbase58\ 0.1.4\" -DPACKAGE_BUGREPORT=\"luke_libbase58@dashjr.org\" -DPACKAGE_URL=\"\" -DPACKAGE=\"libbase58\" -DVERSION=\"0.1.4\" -DSTDC_HEADERS=1 -DHAVE_SYS_TYPES_H=1 -DHAVE_SYS_STAT_H=1 -DHAVE_STDLIB_H=1 -DHAVE_STRING_H=1 -DHAVE_MEMORY_H=1 -DHAVE_STRINGS_H=1 -DHAVE_INTTYPES_H=1 -DHAVE_STDINT_H=1 -DHAVE_UNISTD_H=1 -DHAVE_DLFCN_H=1 -DLT_OBJDIR=\".libs/\"'
DEPDIR='.deps'
DLLTOOL='false'
DSYMUTIL=''
DUMPBIN=''
ECHO_C=''
ECHO_N='-n'
ECHO_T=''
EGREP='/bin/grep -E'
EXEEXT=''
FGREP='/bin/grep -F'
GREP='/bin/grep'
INSTALL_DATA='${INSTALL} -m 644'
INSTALL_PROGRAM='${INSTALL}'
INSTALL_SCRIPT='${INSTALL}'
INSTALL_STRIP_PROGRAM='$(install_sh) -c -s'
LD='/usr/bin/ld -m elf_x86_64'
LDFLAGS=''
LIBBASE58_SO_VERSION='0:2:0'
LIBGCRYPT_CFLAGS=''
LIBGCRYPT_CONFIG=''
LIBGCRYPT_LIBS=''
LIBOBJS=''
LIBS=''
LIBTOOL='$(SHELL) $(top_builddir)/libtool'
LIPO=''
LN_S='ln -s'
LTLIBOBJS=''
MAKEINFO='${SHELL} /mnt/c/Users/kickofenergy/Desktop/bfggit/libbase58/missing makeinfo'
MANIFEST_TOOL=':'
MKDIR_P='/bin/mkdir -p'
NM='/usr/bin/nm -B'
NMEDIT=''
OBJDUMP='objdump'
OBJEXT='o'
OTOOL64=''
OTOOL=''
PACKAGE='libbase58'
PACKAGE_BUGREPORT='luke_libbase58@dashjr.org'
PACKAGE_NAME='libbase58'
PACKAGE_STRING='libbase58 0.1.4'
PACKAGE_TARNAME='libbase58'
PACKAGE_URL=''
PACKAGE_VERSION='0.1.4'
PATH_SEPARATOR=':'
RANLIB='ranlib'
SED='/bin/sed'
SET_MAKE=''
SHELL='/bin/bash'
STRIP='strip'
USE_TOOL_FALSE=''
USE_TOOL_TRUE='#'
VERSION='0.1.4'
ac_ct_AR='ar'
ac_ct_CC='gcc'
ac_ct_DUMPBIN=''
am__EXEEXT_FALSE=''
am__EXEEXT_TRUE='#'
am__fastdepCC_FALSE='#'
am__fastdepCC_TRUE=''
am__include='include'
am__isrc=''
am__leading_dot='.'
am__nodep='_no'
am__quote=''
am__tar='$${TAR-tar} chof - "$$tardir"'
am__untar='$${TAR-tar} xf -'
bindir='${exec_prefix}/bin'
build='x86_64-unknown-linux-gnu'
build_alias=''
build_cpu='x86_64'
build_os='linux-gnu'
build_vendor='unknown'
datadir='${datarootdir}'
datarootdir='${prefix}/share'
docdir='${datarootdir}/doc/${PACKAGE_TARNAME}'
dvidir='${docdir}'
exec_prefix='${prefix}'
host='x86_64-unknown-linux-gnu'
host_alias=''
host_cpu='x86_64'
host_os='linux-gnu'
host_vendor='unknown'
htmldir='${docdir}'
includedir='${prefix}/include'
infodir='${datarootdir}/info'
install_sh='${SHELL} /mnt/c/Users/kickofenergy/Desktop/bfggit/libbase58/install-sh'
libdir='${exec_prefix}/lib'
libexecdir='${exec_prefix}/libexec'
localedir='${datarootdir}/locale'
localstatedir='${prefix}/var'
mandir='${datarootdir}/man'
mkdir_p='$(MKDIR_P)'
oldincludedir='/usr/include'
pdfdir='${docdir}'
prefix='/usr/local'
program_transform_name='s,x,x,'
psdir='${docdir}'
sbindir='${exec_prefix}/sbin'
sharedstatedir='${prefix}/com'
sysconfdir='${prefix}/etc'
target_alias=''

## ----------- ##
## confdefs.h. ##
## ----------- ##

/* confdefs.h */
#define PACKAGE_NAME "libbase58"
#define PACKAGE_TARNAME "libbase58"
#define PACKAGE_VERSION "0.1.4"
#define PACKAGE_STRING "libbase58 0.1.4"
#define PACKAGE_BUGREPORT "luke_libbase58@dashjr.org"
#define PACKAGE_URL ""
#define PACKAGE "libbase58"
#define VERSION "0.1.4"
#define STDC_HEADERS 1
#define HAVE_SYS_TYPES_H 1
#define HAVE_SYS_STAT_H 1
#define HAVE_STDLIB_H 1
#define HAVE_STRING_H 1
#define HAVE_MEMORY_H 1
#define HAVE_STRINGS_H 1
#define HAVE_INTTYPES_H 1
#define HAVE_STDINT_H 1
#define HAVE_UNISTD_H 1
#define HAVE_DLFCN_H 1
#define LT_OBJDIR ".libs/"

configure: exit 0
